<?xml version="1.0" encoding="UTF-8"?>
<TestRun id="e0288a03-a55b-44f7-9666-24416d5126a2" name="user@USER-ПК 2010-10-13 14:34:58" runUser="user-ПК\user" xmlns="http://microsoft.com/schemas/VisualStudio/TeamTest/2006">
  <TestRunConfiguration name="Local Test Run" id="d5c7a5de-00af-474c-9413-b12747f2aab9">
    <Description>This is a default test run configuration for a local test run.</Description>
    <Deployment runDeploymentRoot="C:\Users\user\Documents\Visual Studio 2008\Projects\Generator\TestResults\user_USER-ПК 2010-10-13 14_34_58">
      <DeploymentItem filename="C:\Users\user\Documents\Visual Studio 2008\Projects\Generator\Generator\bin\Debug\Generator.dll" />
    </Deployment>
    <TestTypeSpecific />
  </TestRunConfiguration>
  <ResultSummary outcome="Completed">
    <Counters total="2" executed="2" passed="2" error="0" failed="0" timeout="0" aborted="0" inconclusive="0" passedButRunAborted="0" notRunnable="0" notExecuted="0" disconnected="0" warning="0" completed="0" inProgress="0" pending="0" />
  </ResultSummary>
  <Times creation="2010-10-13T14:34:58.7712870+04:00" queuing="2010-10-13T14:35:00.0348870+04:00" start="2010-10-13T14:35:00.3468870+04:00" finish="2010-10-13T14:35:27.9900870+04:00" />
  <TestDefinitions>
    <UnitTest name="GeneratorConstructorTest" storage="c:\users\user\documents\visual studio 2008\projects\generator\testgenerator\bin\debug\testgenerator.dll" id="4267f4c2-2bd3-b4cc-9089-cb730280dc04">
      <Css projectStructure="" iteration="" />
      <Owners>
        <Owner name="" />
      </Owners>
      <Execution id="3509219d-3ee9-4812-9d34-1a00fa72ba52" />
      <TestMethod codeBase="C:\Users\user\Documents\Visual Studio 2008\Projects\Generator\TestGenerator\bin\Debug\TestGenerator.dll" adapterTypeName="Microsoft.VisualStudio.TestTools.TestTypes.Unit.UnitTestAdapter, Microsoft.VisualStudio.QualityTools.Tips.UnitTest.Adapter, Version=9.0.0.0, Culture=neutral, PublicKeyToken=b03f5f7f11d50a3a" className="TestGenerator.GeneratorTest, TestGenerator" name="GeneratorConstructorTest" />
    </UnitTest>
    <UnitTest name="generateRequestsTest" storage="c:\users\user\documents\visual studio 2008\projects\generator\testgenerator\bin\debug\testgenerator.dll" id="e1d90ec3-fbc4-b4ae-a50f-ce05581c034b">
      <Css projectStructure="" iteration="" />
      <Owners>
        <Owner name="" />
      </Owners>
      <Execution id="92365dbe-869b-4529-8321-37b6cce82b99" />
      <TestMethod codeBase="C:\Users\user\Documents\Visual Studio 2008\Projects\Generator\TestGenerator\bin\Debug\TestGenerator.dll" adapterTypeName="Microsoft.VisualStudio.TestTools.TestTypes.Unit.UnitTestAdapter, Microsoft.VisualStudio.QualityTools.Tips.UnitTest.Adapter, Version=9.0.0.0, Culture=neutral, PublicKeyToken=b03f5f7f11d50a3a" className="TestGenerator.GeneratorTest, TestGenerator" name="generateRequestsTest" />
    </UnitTest>
  </TestDefinitions>
  <TestLists>
    <TestList name="Results Not in a List" id="8c84fa94-04c1-424b-9868-57a2d4851a1d" />
    <TestList name="All Loaded Results" id="19431567-8539-422a-85d7-44ee4e166bda" />
  </TestLists>
  <TestEntries>
    <TestEntry testId="e1d90ec3-fbc4-b4ae-a50f-ce05581c034b" executionId="92365dbe-869b-4529-8321-37b6cce82b99" testListId="8c84fa94-04c1-424b-9868-57a2d4851a1d" />
    <TestEntry testId="4267f4c2-2bd3-b4cc-9089-cb730280dc04" executionId="3509219d-3ee9-4812-9d34-1a00fa72ba52" testListId="8c84fa94-04c1-424b-9868-57a2d4851a1d" />
  </TestEntries>
  <Results>
    <UnitTestResult executionId="92365dbe-869b-4529-8321-37b6cce82b99" testId="e1d90ec3-fbc4-b4ae-a50f-ce05581c034b" testName="generateRequestsTest" computerName="USER-ПК" duration="00:00:26.7598019" startTime="2010-10-13T14:35:00.4248870+04:00" endTime="2010-10-13T14:35:27.8808870+04:00" testType="13cdc9d9-ddb5-4fa4-a97d-d965ccfc6d4b" outcome="Passed" testListId="8c84fa94-04c1-424b-9868-57a2d4851a1d">
      <Output>
      </Output>
    </UnitTestResult>
    <UnitTestResult executionId="3509219d-3ee9-4812-9d34-1a00fa72ba52" testId="4267f4c2-2bd3-b4cc-9089-cb730280dc04" testName="GeneratorConstructorTest" computerName="USER-ПК" duration="00:00:00.0007727" startTime="2010-10-13T14:35:27.8964870+04:00" endTime="2010-10-13T14:35:27.8964870+04:00" testType="13cdc9d9-ddb5-4fa4-a97d-d965ccfc6d4b" outcome="Passed" testListId="8c84fa94-04c1-424b-9868-57a2d4851a1d">
      <Output>
      </Output>
    </UnitTestResult>
  </Results>
</TestRun>