<?xml version="1.0" encoding="UTF-8"?>
<TestRun id="fef15b48-004e-4f41-b4f0-3bc7631c8b9f" name="user@USER-ПК 2010-10-13 14:29:48" runUser="user-ПК\user" xmlns="http://microsoft.com/schemas/VisualStudio/TeamTest/2006">
  <TestRunConfiguration name="Local Test Run" id="d5c7a5de-00af-474c-9413-b12747f2aab9">
    <Description>This is a default test run configuration for a local test run.</Description>
    <Deployment runDeploymentRoot="C:\Users\user\Documents\Visual Studio 2008\Projects\Generator\TestResults\user_USER-ПК 2010-10-13 14_29_48">
      <DeploymentItem filename="C:\Users\user\Documents\Visual Studio 2008\Projects\Generator\Generator\bin\Debug\Generator.dll" />
    </Deployment>
    <TestTypeSpecific />
  </TestRunConfiguration>
  <ResultSummary outcome="Error">
    <Counters total="2" executed="1" error="0" failed="0" timeout="0" aborted="1" inconclusive="0" passedButRunAborted="0" notRunnable="0" notExecuted="1" disconnected="0" warning="0" passed="0" completed="0" inProgress="0" pending="0" />
    <RunInfos>
      <RunInfo computerName="USER-ПК" outcome="Error" timestamp="2010-10-13T14:30:32.7756870+04:00">
        <Text>Test host process exited unexpectedly.</Text>
      </RunInfo>
    </RunInfos>
  </ResultSummary>
  <Times creation="2010-10-13T14:29:48.1440870+04:00" queuing="2010-10-13T14:29:49.4700870+04:00" start="2010-10-13T14:29:49.6884870+04:00" finish="2010-10-13T14:30:32.7756870+04:00" />
  <TestDefinitions>
    <UnitTest name="GeneratorConstructorTest" storage="c:\users\user\documents\visual studio 2008\projects\generator\testgenerator\bin\debug\testgenerator.dll" id="4267f4c2-2bd3-b4cc-9089-cb730280dc04">
      <Css projectStructure="" iteration="" />
      <Owners>
        <Owner name="" />
      </Owners>
      <Execution id="784f9ba7-7171-4216-a934-dbc0d4dc5593" />
      <TestMethod codeBase="C:\Users\user\Documents\Visual Studio 2008\Projects\Generator\TestGenerator\bin\Debug\TestGenerator.dll" adapterTypeName="Microsoft.VisualStudio.TestTools.TestTypes.Unit.UnitTestAdapter, Microsoft.VisualStudio.QualityTools.Tips.UnitTest.Adapter, Version=9.0.0.0, Culture=neutral, PublicKeyToken=b03f5f7f11d50a3a" className="TestGenerator.GeneratorTest, TestGenerator" name="GeneratorConstructorTest" />
    </UnitTest>
    <UnitTest name="generateRequestsTest" storage="c:\users\user\documents\visual studio 2008\projects\generator\testgenerator\bin\debug\testgenerator.dll" id="e1d90ec3-fbc4-b4ae-a50f-ce05581c034b">
      <Css projectStructure="" iteration="" />
      <Owners>
        <Owner name="" />
      </Owners>
      <Execution id="adbf140e-da92-4c80-8e9b-521d7b82e89f" />
      <TestMethod codeBase="C:\Users\user\Documents\Visual Studio 2008\Projects\Generator\TestGenerator\bin\Debug\TestGenerator.dll" adapterTypeName="Microsoft.VisualStudio.TestTools.TestTypes.Unit.UnitTestAdapter, Microsoft.VisualStudio.QualityTools.Tips.UnitTest.Adapter, Version=9.0.0.0, Culture=neutral, PublicKeyToken=b03f5f7f11d50a3a" className="TestGenerator.GeneratorTest, TestGenerator" name="generateRequestsTest" />
    </UnitTest>
  </TestDefinitions>
  <TestLists>
    <TestList name="Results Not in a List" id="8c84fa94-04c1-424b-9868-57a2d4851a1d" />
    <TestList name="All Loaded Results" id="19431567-8539-422a-85d7-44ee4e166bda" />
  </TestLists>
  <TestEntries>
    <TestEntry testId="e1d90ec3-fbc4-b4ae-a50f-ce05581c034b" executionId="48fb2af9-b94f-45bc-a110-e94c4846e4f3" testListId="8c84fa94-04c1-424b-9868-57a2d4851a1d" />
    <TestEntry testId="4267f4c2-2bd3-b4cc-9089-cb730280dc04" executionId="5927f7d5-546d-4381-a761-0e2b1c5000ed" testListId="8c84fa94-04c1-424b-9868-57a2d4851a1d" />
  </TestEntries>
  <Results>
    <UnitTestResult executionId="48fb2af9-b94f-45bc-a110-e94c4846e4f3" testId="e1d90ec3-fbc4-b4ae-a50f-ce05581c034b" testName="generateRequestsTest" computerName="USER-ПК" duration="00:00:43.0092000" startTime="2010-10-13T14:29:49.7664870+04:00" endTime="2010-10-13T14:30:32.7756870+04:00" testType="13cdc9d9-ddb5-4fa4-a97d-d965ccfc6d4b" outcome="Aborted" testListId="8c84fa94-04c1-424b-9868-57a2d4851a1d">
    </UnitTestResult>
    <UnitTestResult executionId="5927f7d5-546d-4381-a761-0e2b1c5000ed" testId="4267f4c2-2bd3-b4cc-9089-cb730280dc04" testName="GeneratorConstructorTest" computerName="USER-ПК" duration="00:00:00" startTime="0001-01-01T03:00:00.0000000+03:00" endTime="0001-01-01T03:00:00.0000000+03:00" testType="13cdc9d9-ddb5-4fa4-a97d-d965ccfc6d4b" outcome="NotExecuted" testListId="8c84fa94-04c1-424b-9868-57a2d4851a1d">
    </UnitTestResult>
  </Results>
</TestRun>